<?xml version="1.0" encoding="UTF-8"?>
<!-- Generated by org.testng.reporters.JUnitXMLReporter -->
<testsuite ignored="0" hostname="Mohaan" failures="0" tests="3" name="test flow" time="5.219" errors="0" timestamp="2025-09-07T10:36:57 IST">
  <testcase classname="UserTests.UserEndPointsTestcases" name="createuser" time="3.487"/>
  <testcase classname="UserTests.UserEndPointsTestcases" name="loginuser" time="0.628"/>
  <testcase classname="UserTests.UserEndPointsTestcases" name="userprofile" time="0.485"/>
</testsuite> <!-- test flow -->
