<?xml version="1.0" encoding="UTF-8"?>
<!-- Generated by org.testng.reporters.JUnitXMLReporter -->
<testsuite ignored="0" hostname="Mohaan" failures="0" tests="3" name="Default test" time="6.074" errors="0" timestamp="2025-09-13T11:25:26 IST">
  <testcase classname="UserTests.UserEndpoints_POJO" name="createuser" time="4.033"/>
  <testcase classname="UserTests.UserEndpoints_POJO" name="loginuser" time="0.579"/>
  <testcase classname="UserTests.UserEndpoints_POJO" name="userprofile" time="0.48"/>
</testsuite> <!-- Default test -->
