<?xml version="1.0" encoding="UTF-8"?>
<!-- Generated by org.testng.reporters.JUnitXMLReporter -->
<testsuite ignored="0" hostname="Mohaan" failures="0" tests="3" name="Default test" time="4.939" errors="0" timestamp="2025-09-07T10:16:11 IST">
  <testcase classname="UserTests.UserEndpoints_POJO" name="createuser" time="3.108"/>
  <testcase classname="UserTests.UserEndpoints_POJO" name="loginuser" time="0.573"/>
  <testcase classname="UserTests.UserEndpoints_POJO" name="userprofile" time="0.474"/>
</testsuite> <!-- Default test -->
