<?xml version="1.0" encoding="UTF-8"?>
<!-- Generated by org.testng.reporters.JUnitXMLReporter -->
<testsuite ignored="0" hostname="Mohaan" failures="0" tests="3" name="test flow" time="7.987" errors="0" timestamp="2025-09-13T11:07:57 IST">
  <testcase classname="UserTests.UserEndPointsTestcases" name="createuser" time="5.129"/>
  <testcase classname="UserTests.UserEndPointsTestcases" name="loginuser" time="0.851"/>
  <testcase classname="UserTests.UserEndPointsTestcases" name="userprofile" time="0.491"/>
</testsuite> <!-- test flow -->
