<?xml version="1.0" encoding="UTF-8"?>
<!-- Generated by org.testng.reporters.JUnitXMLReporter -->
<testsuite ignored="0" hostname="Mohaan" failures="0" tests="3" name="test flow" time="9.299" errors="0" timestamp="2025-09-07T11:09:28 IST">
  <testcase classname="UserTests.UserEndPointsTestcases" name="createuser" time="6.222"/>
  <testcase classname="UserTests.UserEndPointsTestcases" name="loginuser" time="0.932"/>
  <testcase classname="UserTests.UserEndPointsTestcases" name="userprofile" time="0.554"/>
</testsuite> <!-- test flow -->
