<?xml version="1.0" encoding="UTF-8"?>
<testsuite xmlns:xsi="http://www.w3.org/2001/XMLSchema-instance" xsi:noNamespaceSchemaLocation="https://maven.apache.org/surefire/maven-surefire-plugin/xsd/surefire-test-report.xsd" version="3.0.1" name="TestSuite" time="10.284" tests="3" errors="0" skipped="0" failures="0">
  <properties>
[...]
</properties>
  <testcase name="createuser" classname="UserTests.UserEndPointsTestcases" time="6.226">
    <system-out><![CDATA[2025-09-07T05:39:19.409242400Z main ERROR Log4j API could not find a logging provider.
mohanV
test
junnu@1234
HTTP/1.1 201 Created
access-control-allow-origin: *
access-control-allow-credentials: true
access-control-allow-methods: GET, POST, PUT, DELETE, PATCH
access-control-allow-headers: Origin, X-Requested-With, Authorization, Content-Type, Accept, X-Auth-Token
content-type: application/json; charset=utf-8
content-encoding: gzip
etag: W/"a2-RwAx7YozQu/nWgGwy5qxyBinahg"
set-cookie: express:sess=eyJmbGFzaCI6e319; path=/; httponly
set-cookie: express:sess.sig=tdt42nQZiQvICqmrvHQ1_16fHk0; path=/; httponly
date: Sun, 07 Sep 2025 05:39:25 GMT
connection: keep-alive
keep-alive: timeout=5
transfer-encoding: chunked

{
    "success": true,
    "status": 201,
    "message": "User account created successfully",
    "data": {
        "id": "68bd1a8d06ff22028be865d6",
        "name": "mohanV",
        "email": "test944.0@gmail.com"
    }
}
]]></system-out>
    <system-err><![CDATA[SLF4J(W): No SLF4J providers were found.
SLF4J(W): Defaulting to no-operation (NOP) logger implementation
SLF4J(W): See https://www.slf4j.org/codes.html#noProviders for further details.
]]></system-err>
  </testcase>
  <testcase name="loginuser" classname="UserTests.UserEndPointsTestcases" time="0.929">
    <system-out><![CDATA[create user name is validated
HTTP/1.1 200 OK
access-control-allow-origin: *
access-control-allow-credentials: true
access-control-allow-methods: GET, POST, PUT, DELETE, PATCH
access-control-allow-headers: Origin, X-Requested-With, Authorization, Content-Type, Accept, X-Auth-Token
content-type: application/json; charset=utf-8
content-encoding: gzip
etag: W/"dc-qf2yY4RKVTNxz12ZP3fXfyrGF4I"
set-cookie: express:sess=eyJmbGFzaCI6e319; path=/; httponly
set-cookie: express:sess.sig=tdt42nQZiQvICqmrvHQ1_16fHk0; path=/; httponly
date: Sun, 07 Sep 2025 05:39:27 GMT
connection: keep-alive
keep-alive: timeout=5
transfer-encoding: chunked

{
    "success": true,
    "status": 200,
    "message": "Login successful",
    "data": {
        "id": "68b1d12f6f7da0028a4b5b82",
        "name": "mohanV",
        "email": "mohanv444@gmail.com",
        "token": "fdffe6f5dab34b48ad1e57dc084e6bef55163c60f027412d886d7174a9121fe8"
    }
}
fdffe6f5dab34b48ad1e57dc084e6bef55163c60f027412d886d7174a9121fe8]]></system-out>
  </testcase>
  <testcase name="userprofile" classname="UserTests.UserEndPointsTestcases" time="0.544">
    <system-out><![CDATA[login user email is validated
HTTP/1.1 200 OK
access-control-allow-origin: *
access-control-allow-credentials: true
access-control-allow-methods: GET, POST, PUT, DELETE, PATCH
access-control-allow-headers: Origin, X-Requested-With, Authorization, Content-Type, Accept, X-Auth-Token
content-type: application/json; charset=utf-8
content-encoding: gzip
etag: W/"93-uCPaNnaK4V+uy3O2BMv+0iay4Iw"
set-cookie: express:sess=eyJmbGFzaCI6e319; path=/; httponly
set-cookie: express:sess.sig=tdt42nQZiQvICqmrvHQ1_16fHk0; path=/; httponly
date: Sun, 07 Sep 2025 05:39:28 GMT
connection: keep-alive
keep-alive: timeout=5
transfer-encoding: chunked

{
    "success": true,
    "status": 200,
    "message": "Profile successful",
    "data": {
        "id": "68b1d12f6f7da0028a4b5b82",
        "name": "mohanV",
        "email": "mohanv444@gmail.com"
    }
}
]]></system-out>
  </testcase>
</testsuite>