<?xml version="1.0" encoding="UTF-8"?>
<testng-results ignored="0" total="3" passed="3" failed="0" skipped="0">
  <reporter-output>
  </reporter-output>
  <suite started-at="2025-09-07T11:09:19 IST" name="user workflow suite" finished-at="2025-09-07T11:09:28 IST" duration-ms="9299">
    <groups>
    </groups>
    <test started-at="2025-09-07T11:09:19 IST" name="test flow" finished-at="2025-09-07T11:09:28 IST" duration-ms="9299">
      <class name="UserTests.UserEndPointsTestcases">
        <test-method signature="createuser()[pri:1, instance:UserTests.UserEndPointsTestcases@27ce24aa]" started-at="2025-09-07T11:09:19 IST" name="createuser" finished-at="2025-09-07T11:09:25 IST" duration-ms="6222" status="PASS">
          <reporter-output>
          </reporter-output>
        </test-method> <!-- createuser -->
        <test-method is-config="true" signature="validateResposnses(org.testng.ITestResult)[pri:0, instance:UserTests.UserEndPointsTestcases@27ce24aa]" started-at="2025-09-07T11:09:25 IST" name="validateResposnses" finished-at="2025-09-07T11:09:27 IST" duration-ms="1489" status="PASS">
          <params>
            <param index="0">
              <value>
                <![CDATA[[TestResult name=createuser status=SUCCESS method=UserEndPointsTestcases.createuser()[pri:1, instance:UserTests.UserEndPointsTestcases@27ce24aa] output={null}]]]>
              </value>
            </param>
          </params>
          <reporter-output>
          </reporter-output>
        </test-method> <!-- validateResposnses -->
        <test-method signature="loginuser()[pri:2, instance:UserTests.UserEndPointsTestcases@27ce24aa]" started-at="2025-09-07T11:09:27 IST" name="loginuser" finished-at="2025-09-07T11:09:27 IST" duration-ms="932" status="PASS">
          <reporter-output>
          </reporter-output>
        </test-method> <!-- loginuser -->
        <test-method is-config="true" signature="validateResposnses(org.testng.ITestResult)[pri:0, instance:UserTests.UserEndPointsTestcases@27ce24aa]" started-at="2025-09-07T11:09:27 IST" name="validateResposnses" finished-at="2025-09-07T11:09:27 IST" duration-ms="32" status="PASS">
          <params>
            <param index="0">
              <value>
                <![CDATA[[TestResult name=loginuser status=SUCCESS method=UserEndPointsTestcases.loginuser()[pri:2, instance:UserTests.UserEndPointsTestcases@27ce24aa] output={null}]]]>
              </value>
            </param>
          </params>
          <reporter-output>
          </reporter-output>
        </test-method> <!-- validateResposnses -->
        <test-method signature="userprofile()[pri:3, instance:UserTests.UserEndPointsTestcases@27ce24aa]" started-at="2025-09-07T11:09:27 IST" name="userprofile" finished-at="2025-09-07T11:09:28 IST" duration-ms="554" status="PASS">
          <reporter-output>
          </reporter-output>
        </test-method> <!-- userprofile -->
        <test-method is-config="true" signature="validateResposnses(org.testng.ITestResult)[pri:0, instance:UserTests.UserEndPointsTestcases@27ce24aa]" started-at="2025-09-07T11:09:28 IST" name="validateResposnses" finished-at="2025-09-07T11:09:28 IST" duration-ms="2" status="PASS">
          <params>
            <param index="0">
              <value>
                <![CDATA[[TestResult name=userprofile status=SUCCESS method=UserEndPointsTestcases.userprofile()[pri:3, instance:UserTests.UserEndPointsTestcases@27ce24aa] output={null}]]]>
              </value>
            </param>
          </params>
          <reporter-output>
          </reporter-output>
        </test-method> <!-- validateResposnses -->
      </class> <!-- UserTests.UserEndPointsTestcases -->
    </test> <!-- test flow -->
  </suite> <!-- user workflow suite -->
</testng-results>
