<?xml version="1.0" encoding="UTF-8"?>
<testng-results ignored="0" total="3" passed="3" failed="0" skipped="0">
  <reporter-output>
  </reporter-output>
  <suite started-at="2025-09-07T10:36:52 IST" name="user workflow suite" finished-at="2025-09-07T10:36:57 IST" duration-ms="5219">
    <groups>
    </groups>
    <test started-at="2025-09-07T10:36:52 IST" name="test flow" finished-at="2025-09-07T10:36:57 IST" duration-ms="5219">
      <class name="UserTests.UserEndPointsTestcases">
        <test-method signature="createuser()[pri:1, instance:UserTests.UserEndPointsTestcases@313ac989]" started-at="2025-09-07T10:36:52 IST" name="createuser" finished-at="2025-09-07T10:36:55 IST" duration-ms="3487" status="PASS">
          <reporter-output>
          </reporter-output>
        </test-method> <!-- createuser -->
        <test-method is-config="true" signature="validateResposnses(org.testng.ITestResult)[pri:0, instance:UserTests.UserEndPointsTestcases@313ac989]" started-at="2025-09-07T10:36:55 IST" name="validateResposnses" finished-at="2025-09-07T10:36:56 IST" duration-ms="539" status="PASS">
          <params>
            <param index="0">
              <value>
                <![CDATA[[TestResult name=createuser status=SUCCESS method=UserEndPointsTestcases.createuser()[pri:1, instance:UserTests.UserEndPointsTestcases@313ac989] output={null}]]]>
              </value>
            </param>
          </params>
          <reporter-output>
          </reporter-output>
        </test-method> <!-- validateResposnses -->
        <test-method signature="loginuser()[pri:2, instance:UserTests.UserEndPointsTestcases@313ac989]" started-at="2025-09-07T10:36:56 IST" name="loginuser" finished-at="2025-09-07T10:36:56 IST" duration-ms="628" status="PASS">
          <reporter-output>
          </reporter-output>
        </test-method> <!-- loginuser -->
        <test-method is-config="true" signature="validateResposnses(org.testng.ITestResult)[pri:0, instance:UserTests.UserEndPointsTestcases@313ac989]" started-at="2025-09-07T10:36:56 IST" name="validateResposnses" finished-at="2025-09-07T10:36:56 IST" duration-ms="25" status="PASS">
          <params>
            <param index="0">
              <value>
                <![CDATA[[TestResult name=loginuser status=SUCCESS method=UserEndPointsTestcases.loginuser()[pri:2, instance:UserTests.UserEndPointsTestcases@313ac989] output={null}]]]>
              </value>
            </param>
          </params>
          <reporter-output>
          </reporter-output>
        </test-method> <!-- validateResposnses -->
        <test-method signature="userprofile()[pri:3, instance:UserTests.UserEndPointsTestcases@313ac989]" started-at="2025-09-07T10:36:56 IST" name="userprofile" finished-at="2025-09-07T10:36:57 IST" duration-ms="485" status="PASS">
          <reporter-output>
          </reporter-output>
        </test-method> <!-- userprofile -->
        <test-method is-config="true" signature="validateResposnses(org.testng.ITestResult)[pri:0, instance:UserTests.UserEndPointsTestcases@313ac989]" started-at="2025-09-07T10:36:57 IST" name="validateResposnses" finished-at="2025-09-07T10:36:57 IST" duration-ms="3" status="PASS">
          <params>
            <param index="0">
              <value>
                <![CDATA[[TestResult name=userprofile status=SUCCESS method=UserEndPointsTestcases.userprofile()[pri:3, instance:UserTests.UserEndPointsTestcases@313ac989] output={null}]]]>
              </value>
            </param>
          </params>
          <reporter-output>
          </reporter-output>
        </test-method> <!-- validateResposnses -->
      </class> <!-- UserTests.UserEndPointsTestcases -->
    </test> <!-- test flow -->
  </suite> <!-- user workflow suite -->
</testng-results>
