<?xml version="1.0" encoding="UTF-8"?>
<testng-results ignored="0" total="3" passed="3" failed="0" skipped="0">
  <reporter-output>
  </reporter-output>
  <suite started-at="2025-09-13T11:25:20 IST" name="Default suite" finished-at="2025-09-13T11:25:26 IST" duration-ms="6074">
    <groups>
    </groups>
    <test started-at="2025-09-13T11:25:20 IST" name="Default test" finished-at="2025-09-13T11:25:26 IST" duration-ms="6074">
      <class name="UserTests.UserEndpoints_POJO">
        <test-method signature="createuser()[pri:1, instance:UserTests.UserEndpoints_POJO@1bb5a082]" started-at="2025-09-13T11:25:20 IST" name="createuser" finished-at="2025-09-13T11:25:24 IST" duration-ms="4033" status="PASS">
          <reporter-output>
          </reporter-output>
        </test-method> <!-- createuser -->
        <test-method is-config="true" signature="validateResposnses(org.testng.ITestResult)[pri:0, instance:UserTests.UserEndpoints_POJO@1bb5a082]" started-at="2025-09-13T11:25:24 IST" name="validateResposnses" finished-at="2025-09-13T11:25:25 IST" duration-ms="772" status="PASS">
          <params>
            <param index="0">
              <value>
                <![CDATA[[TestResult name=createuser status=SUCCESS method=UserEndpoints_POJO.createuser()[pri:1, instance:UserTests.UserEndpoints_POJO@1bb5a082] output={null}]]]>
              </value>
            </param>
          </params>
          <reporter-output>
          </reporter-output>
        </test-method> <!-- validateResposnses -->
        <test-method signature="loginuser()[pri:2, instance:UserTests.UserEndpoints_POJO@1bb5a082]" started-at="2025-09-13T11:25:25 IST" name="loginuser" finished-at="2025-09-13T11:25:25 IST" duration-ms="579" status="PASS">
          <reporter-output>
          </reporter-output>
        </test-method> <!-- loginuser -->
        <test-method is-config="true" signature="validateResposnses(org.testng.ITestResult)[pri:0, instance:UserTests.UserEndpoints_POJO@1bb5a082]" started-at="2025-09-13T11:25:25 IST" name="validateResposnses" finished-at="2025-09-13T11:25:25 IST" duration-ms="18" status="PASS">
          <params>
            <param index="0">
              <value>
                <![CDATA[[TestResult name=loginuser status=SUCCESS method=UserEndpoints_POJO.loginuser()[pri:2, instance:UserTests.UserEndpoints_POJO@1bb5a082] output={null}]]]>
              </value>
            </param>
          </params>
          <reporter-output>
          </reporter-output>
        </test-method> <!-- validateResposnses -->
        <test-method signature="userprofile()[pri:3, instance:UserTests.UserEndpoints_POJO@1bb5a082]" started-at="2025-09-13T11:25:25 IST" name="userprofile" finished-at="2025-09-13T11:25:26 IST" duration-ms="480" status="PASS">
          <reporter-output>
          </reporter-output>
        </test-method> <!-- userprofile -->
        <test-method is-config="true" signature="validateResposnses(org.testng.ITestResult)[pri:0, instance:UserTests.UserEndpoints_POJO@1bb5a082]" started-at="2025-09-13T11:25:26 IST" name="validateResposnses" finished-at="2025-09-13T11:25:26 IST" duration-ms="2" status="PASS">
          <params>
            <param index="0">
              <value>
                <![CDATA[[TestResult name=userprofile status=SUCCESS method=UserEndpoints_POJO.userprofile()[pri:3, instance:UserTests.UserEndpoints_POJO@1bb5a082] output={null}]]]>
              </value>
            </param>
          </params>
          <reporter-output>
          </reporter-output>
        </test-method> <!-- validateResposnses -->
      </class> <!-- UserTests.UserEndpoints_POJO -->
    </test> <!-- Default test -->
  </suite> <!-- Default suite -->
</testng-results>
